# JRE version: OpenJDK Runtime Environment GraalVM CE 21.3.0 (17.0.1+12) (build 17.0.1+12-jvmci-21.3-b05)
# Java VM: OpenJDK 64-Bit Server VM GraalVM CE 21.3.0 (17.0.1+12-jvmci-21.3-b05, mixed mode, sharing, tiered, jvmci, jvmci compiler, compressed oops, compressed class ptrs, parallel gc, linux-amd64)
GC Precious Log:
 CPUs: 8 total, 1 available
 Memory: 1024M
 Large Page Support: Disabled
 NUMA Support: Disabled
 Compressed Oops: Enabled (32-bit)
 Alignments: Space 512K, Generation 512K, Heap 2M
 Heap Min Capacity: 100M
 Heap Initial Capacity: 100M
 Heap Max Capacity: 512M
 Pre-touch: Disabled
 Parallel Workers: 1
Heap:
 PSYoungGen      total 34816K, used 15871K [0x00000000f5580000, 0x00000000f8c00000, 0x0000000100000000)
  eden space 15872K, 99% used [0x00000000f5580000,0x00000000f64fffe8,0x00000000f6500000)
  from space 18944K, 0% used [0x00000000f7980000,0x00000000f7980000,0x00000000f8c00000)
  to   space 7680K, 0% used [0x00000000f6500000,0x00000000f6500000,0x00000000f6c80000)
 ParOldGen       total 349696K, used 349695K [0x00000000e0000000, 0x00000000f5580000, 0x00000000f5580000)
  object space 349696K, 99% used [0x00000000e0000000,0x00000000f557ffe8,0x00000000f5580000)
 Metaspace       used 52078K, committed 52800K, reserved 1097728K
  class space    used 5234K, committed 5568K, reserved 1048576K
GC Heap History (20 events):
Event: 1110.189 GC heap before
{Heap before GC invocations=891 (full 779):
 PSYoungGen      total 34816K, used 15872K [0x00000000f5580000, 0x00000000f8c00000, 0x0000000100000000)
  eden space 15872K, 100% used [0x00000000f5580000,0x00000000f6500000,0x00000000f6500000)
  from space 18944K, 0% used [0x00000000f7980000,0x00000000f7980000,0x00000000f8c00000)
  to   space 7680K, 0% used [0x00000000f6500000,0x00000000f6500000,0x00000000f6c80000)
 ParOldGen       total 349696K, used 349695K [0x00000000e0000000, 0x00000000f5580000, 0x00000000f5580000)
  object space 349696K, 99% used [0x00000000e0000000,0x00000000f557fea8,0x00000000f5580000)
 Metaspace       used 52070K, committed 52800K, reserved 1097728K
  class space    used 5234K, committed 5568K, reserved 1048576K
}
Event: 1111.640 GC heap after
{Heap after GC invocations=891 (full 779):
 PSYoungGen      total 23552K, used 15871K [0x00000000f5580000, 0x00000000f8c00000, 0x0000000100000000)
  eden space 15872K, 99% used [0x00000000f5580000,0x00000000f64fffb8,0x00000000f6500000)
  from space 7680K, 0% used [0x00000000f6500000,0x00000000f6500000,0x00000000f6c80000)
  to   space 18944K, 0% used [0x00000000f7980000,0x00000000f7980000,0x00000000f8c00000)
 ParOldGen       total 349696K, used 349694K [0x00000000e0000000, 0x00000000f5580000, 0x00000000f5580000)
  object space 349696K, 99% used [0x00000000e0000000,0x00000000f557f870,0x00000000f5580000)
 Metaspace       used 52070K, committed 52800K, reserved 1097728K
  class space    used 5234K, committed 5568K, reserved 1048576K
}
Event: 1111.654 GC heap before
{Heap before GC invocations=892 (full 780):
 PSYoungGen      total 23552K, used 15872K [0x00000000f5580000, 0x00000000f8c00000, 0x0000000100000000)
  eden space 15872K, 100% used [0x00000000f5580000,0x00000000f6500000,0x00000000f6500000)
  from space 7680K, 0% used [0x00000000f6500000,0x00000000f6500000,0x00000000f6c80000)
  to   space 18944K, 0% used [0x00000000f7980000,0x00000000f7980000,0x00000000f8c00000)
 ParOldGen       total 349696K, used 349694K [0x00000000e0000000, 0x00000000f5580000, 0x00000000f5580000)
  object space 349696K, 99% used [0x00000000e0000000,0x00000000f557f870,0x00000000f5580000)
 Metaspace       used 52070K, committed 52800K, reserved 1097728K
  class space    used 5234K, committed 5568K, reserved 1048576K
}
Event: 1113.001 GC heap after
{Heap after GC invocations=892 (full 780):
 PSYoungGen      total 34816K, used 15872K [0x00000000f5580000, 0x00000000f8c00000, 0x0000000100000000)
  eden space 15872K, 100% used [0x00000000f5580000,0x00000000f6500000,0x00000000f6500000)
  from space 18944K, 0% used [0x00000000f7980000,0x00000000f7980000,0x00000000f8c00000)
  to   space 7680K, 0% used [0x00000000f6500000,0x00000000f6500000,0x00000000f6c80000)
 ParOldGen       total 349696K, used 349694K [0x00000000e0000000, 0x00000000f5580000, 0x00000000f5580000)
  object space 349696K, 99% used [0x00000000e0000000,0x00000000f557f870,0x00000000f5580000)
 Metaspace       used 52070K, committed 52800K, reserved 1097728K
  class space    used 5234K, committed 5568K, reserved 1048576K
}
Event: 1113.001 GC heap before
{Heap before GC invocations=893 (full 781):
 PSYoungGen      total 34816K, used 15872K [0x00000000f5580000, 0x00000000f8c00000, 0x0000000100000000)
  eden space 15872K, 100% used [0x00000000f5580000,0x00000000f6500000,0x00000000f6500000)
  from space 18944K, 0% used [0x00000000f7980000,0x00000000f7980000,0x00000000f8c00000)
  to   space 7680K, 0% used [0x00000000f6500000,0x00000000f6500000,0x00000000f6c80000)
 ParOldGen       total 349696K, used 349695K [0x00000000e0000000, 0x00000000f5580000, 0x00000000f5580000)
  object space 349696K, 99% used [0x00000000e0000000,0x00000000f557ffd0,0x00000000f5580000)
 Metaspace       used 52070K, committed 52800K, reserved 1097728K
  class space    used 5234K, committed 5568K, reserved 1048576K
}
Event: 1114.302 GC heap after
{Heap after GC invocations=893 (full 781):
 PSYoungGen      total 23552K, used 15871K [0x00000000f5580000, 0x00000000f8c00000, 0x0000000100000000)
  eden space 15872K, 99% used [0x00000000f5580000,0x00000000f64fff88,0x00000000f6500000)
  from space 7680K, 0% used [0x00000000f6500000,0x00000000f6500000,0x00000000f6c80000)
  to   space 18944K, 0% used [0x00000000f7980000,0x00000000f7980000,0x00000000f8c00000)
 ParOldGen       total 349696K, used 349695K [0x00000000e0000000, 0x00000000f5580000, 0x00000000f5580000)
  object space 349696K, 99% used [0x00000000e0000000,0x00000000f557ff28,0x00000000f5580000)
 Metaspace       used 52070K, committed 52800K, reserved 1097728K
  class space    used 5234K, committed 5568K, reserved 1048576K
}
Event: 1114.303 GC heap before
{Heap before GC invocations=894 (full 782):
 PSYoungGen      total 23552K, used 15872K [0x00000000f5580000, 0x00000000f8c00000, 0x0000000100000000)
  eden space 15872K, 100% used [0x00000000f5580000,0x00000000f6500000,0x00000000f6500000)
  from space 7680K, 0% used [0x00000000f6500000,0x00000000f6500000,0x00000000f6c80000)
  to   space 18944K, 0% used [0x00000000f7980000,0x00000000f7980000,0x00000000f8c00000)
 ParOldGen       total 349696K, used 349695K [0x00000000e0000000, 0x00000000f5580000, 0x00000000f5580000)
  object space 349696K, 99% used [0x00000000e0000000,0x00000000f557ff28,0x00000000f5580000)
 Metaspace       used 52070K, committed 52800K, reserved 1097728K
  class space    used 5234K, committed 5568K, reserved 1048576K
}
Event: 1115.686 GC heap after
{Heap after GC invocations=894 (full 782):
 PSYoungGen      total 34816K, used 15872K [0x00000000f5580000, 0x00000000f8c00000, 0x0000000100000000)
  eden space 15872K, 100% used [0x00000000f5580000,0x00000000f6500000,0x00000000f6500000)
  from space 18944K, 0% used [0x00000000f7980000,0x00000000f7980000,0x00000000f8c00000)
  to   space 7680K, 0% used [0x00000000f6500000,0x00000000f6500000,0x00000000f6c80000)
 ParOldGen       total 349696K, used 349695K [0x00000000e0000000, 0x00000000f5580000, 0x00000000f5580000)
  object space 349696K, 99% used [0x00000000e0000000,0x00000000f557ff10,0x00000000f5580000)
 Metaspace       used 52070K, committed 52800K, reserved 1097728K
  class space    used 5234K, committed 5568K, reserved 1048576K
}
Event: 1115.686 GC heap before
{Heap before GC invocations=895 (full 783):
 PSYoungGen      total 34816K, used 15872K [0x00000000f5580000, 0x00000000f8c00000, 0x0000000100000000)
  eden space 15872K, 100% used [0x00000000f5580000,0x00000000f6500000,0x00000000f6500000)
  from space 18944K, 0% used [0x00000000f7980000,0x00000000f7980000,0x00000000f8c00000)
  to   space 7680K, 0% used [0x00000000f6500000,0x00000000f6500000,0x00000000f6c80000)
 ParOldGen       total 349696K, used 349695K [0x00000000e0000000, 0x00000000f5580000, 0x00000000f5580000)
  object space 349696K, 99% used [0x00000000e0000000,0x00000000f557ffe8,0x00000000f5580000)
 Metaspace       used 52070K, committed 52800K, reserved 1097728K
  class space    used 5234K, committed 5568K, reserved 1048576K
}
Event: 1116.918 GC heap after
{Heap after GC invocations=895 (full 783):
 PSYoungGen      total 23552K, used 15871K [0x00000000f5580000, 0x00000000f8c00000, 0x0000000100000000)
  eden space 15872K, 99% used [0x00000000f5580000,0x00000000f64fffd0,0x00000000f6500000)
  from space 7680K, 0% used [0x00000000f6500000,0x00000000f6500000,0x00000000f6c80000)
  to   space 18944K, 0% used [0x00000000f7980000,0x00000000f7980000,0x00000000f8c00000)
 ParOldGen       total 349696K, used 349695K [0x00000000e0000000, 0x00000000f5580000, 0x00000000f5580000)
  object space 349696K, 99% used [0x00000000e0000000,0x00000000f557ffe8,0x00000000f5580000)
 Metaspace       used 52070K, committed 52800K, reserved 1097728K
  class space    used 5234K, committed 5568K, reserved 1048576K
}
Event: 1116.920 GC heap before
{Heap before GC invocations=896 (full 784):
 PSYoungGen      total 23552K, used 15872K [0x00000000f5580000, 0x00000000f8c00000, 0x0000000100000000)
  eden space 15872K, 100% used [0x00000000f5580000,0x00000000f6500000,0x00000000f6500000)
  from space 7680K, 0% used [0x00000000f6500000,0x00000000f6500000,0x00000000f6c80000)
  to   space 18944K, 0% used [0x00000000f7980000,0x00000000f7980000,0x00000000f8c00000)
 ParOldGen       total 349696K, used 349695K [0x00000000e0000000, 0x00000000f5580000, 0x00000000f5580000)
  object space 349696K, 99% used [0x00000000e0000000,0x00000000f557ffe8,0x00000000f5580000)
 Metaspace       used 52070K, committed 52800K, reserved 1097728K
  class space    used 5234K, committed 5568K, reserved 1048576K
}
Event: 1118.227 GC heap after
{Heap after GC invocations=896 (full 784):
 PSYoungGen      total 34816K, used 15871K [0x00000000f5580000, 0x00000000f8c00000, 0x0000000100000000)
  eden space 15872K, 99% used [0x00000000f5580000,0x00000000f64fffe8,0x00000000f6500000)
  from space 18944K, 0% used [0x00000000f7980000,0x00000000f7980000,0x00000000f8c00000)
  to   space 7680K, 0% used [0x00000000f6500000,0x00000000f6500000,0x00000000f6c80000)
 ParOldGen       total 349696K, used 349695K [0x00000000e0000000, 0x00000000f5580000, 0x00000000f5580000)
  object space 349696K, 99% used [0x00000000e0000000,0x00000000f557ffe8,0x00000000f5580000)
 Metaspace       used 52070K, committed 52800K, reserved 1097728K
  class space    used 5234K, committed 5568K, reserved 1048576K
}
Event: 1118.277 GC heap before
{Heap before GC invocations=897 (full 785):
 PSYoungGen      total 34816K, used 15872K [0x00000000f5580000, 0x00000000f8c00000, 0x0000000100000000)
  eden space 15872K, 100% used [0x00000000f5580000,0x00000000f6500000,0x00000000f6500000)
  from space 18944K, 0% used [0x00000000f7980000,0x00000000f7980000,0x00000000f8c00000)
  to   space 7680K, 0% used [0x00000000f6500000,0x00000000f6500000,0x00000000f6c80000)
 ParOldGen       total 349696K, used 349695K [0x00000000e0000000, 0x00000000f5580000, 0x00000000f5580000)
  object space 349696K, 99% used [0x00000000e0000000,0x00000000f557ffe8,0x00000000f5580000)
 Metaspace       used 52070K, committed 52800K, reserved 1097728K
  class space    used 5234K, committed 5568K, reserved 1048576K
}
Event: 1119.533 GC heap after
{Heap after GC invocations=897 (full 785):
 PSYoungGen      total 23552K, used 15872K [0x00000000f5580000, 0x00000000f8c00000, 0x0000000100000000)
  eden space 15872K, 100% used [0x00000000f5580000,0x00000000f6500000,0x00000000f6500000)
  from space 7680K, 0% used [0x00000000f6500000,0x00000000f6500000,0x00000000f6c80000)
  to   space 18944K, 0% used [0x00000000f7980000,0x00000000f7980000,0x00000000f8c00000)
 ParOldGen       total 349696K, used 349695K [0x00000000e0000000, 0x00000000f5580000, 0x00000000f5580000)
  object space 349696K, 99% used [0x00000000e0000000,0x00000000f557ffe8,0x00000000f5580000)
 Metaspace       used 52070K, committed 52800K, reserved 1097728K
  class space    used 5234K, committed 5568K, reserved 1048576K
}
Event: 1119.533 GC heap before
{Heap before GC invocations=898 (full 786):
 PSYoungGen      total 23552K, used 15872K [0x00000000f5580000, 0x00000000f8c00000, 0x0000000100000000)
  eden space 15872K, 100% used [0x00000000f5580000,0x00000000f6500000,0x00000000f6500000)
  from space 7680K, 0% used [0x00000000f6500000,0x00000000f6500000,0x00000000f6c80000)
  to   space 18944K, 0% used [0x00000000f7980000,0x00000000f7980000,0x00000000f8c00000)
 ParOldGen       total 349696K, used 349695K [0x00000000e0000000, 0x00000000f5580000, 0x00000000f5580000)
  object space 349696K, 99% used [0x00000000e0000000,0x00000000f557ffe8,0x00000000f5580000)
 Metaspace       used 52070K, committed 52800K, reserved 1097728K
  class space    used 5234K, committed 5568K, reserved 1048576K
}
Event: 1120.848 GC heap after
{Heap after GC invocations=898 (full 786):
 PSYoungGen      total 34816K, used 15872K [0x00000000f5580000, 0x00000000f8c00000, 0x0000000100000000)
  eden space 15872K, 100% used [0x00000000f5580000,0x00000000f6500000,0x00000000f6500000)
  from space 18944K, 0% used [0x00000000f7980000,0x00000000f7980000,0x00000000f8c00000)
  to   space 7680K, 0% used [0x00000000f6500000,0x00000000f6500000,0x00000000f6c80000)
 ParOldGen       total 349696K, used 349695K [0x00000000e0000000, 0x00000000f5580000, 0x00000000f5580000)
  object space 349696K, 99% used [0x00000000e0000000,0x00000000f557ffe8,0x00000000f5580000)
 Metaspace       used 52070K, committed 52800K, reserved 1097728K
  class space    used 5234K, committed 5568K, reserved 1048576K
}
Event: 1120.849 GC heap before
{Heap before GC invocations=899 (full 787):
 PSYoungGen      total 34816K, used 15872K [0x00000000f5580000, 0x00000000f8c00000, 0x0000000100000000)
  eden space 15872K, 100% used [0x00000000f5580000,0x00000000f6500000,0x00000000f6500000)
  from space 18944K, 0% used [0x00000000f7980000,0x00000000f7980000,0x00000000f8c00000)
  to   space 7680K, 0% used [0x00000000f6500000,0x00000000f6500000,0x00000000f6c80000)
 ParOldGen       total 349696K, used 349695K [0x00000000e0000000, 0x00000000f5580000, 0x00000000f5580000)
  object space 349696K, 99% used [0x00000000e0000000,0x00000000f557ffe8,0x00000000f5580000)
 Metaspace       used 52078K, committed 52800K, reserved 1097728K
  class space    used 5234K, committed 5568K, reserved 1048576K
}
Event: 1122.203 GC heap after
{Heap after GC invocations=899 (full 787):
 PSYoungGen      total 23552K, used 15871K [0x00000000f5580000, 0x00000000f8c00000, 0x0000000100000000)
  eden space 15872K, 99% used [0x00000000f5580000,0x00000000f64fffe8,0x00000000f6500000)
  from space 7680K, 0% used [0x00000000f6500000,0x00000000f6500000,0x00000000f6c80000)
  to   space 18944K, 0% used [0x00000000f7980000,0x00000000f7980000,0x00000000f8c00000)
 ParOldGen       total 349696K, used 349695K [0x00000000e0000000, 0x00000000f5580000, 0x00000000f5580000)
  object space 349696K, 99% used [0x00000000e0000000,0x00000000f557ffe8,0x00000000f5580000)
 Metaspace       used 52078K, committed 52800K, reserved 1097728K
  class space    used 5234K, committed 5568K, reserved 1048576K
}
Event: 1122.203 GC heap before
{Heap before GC invocations=900 (full 788):
 PSYoungGen      total 23552K, used 15871K [0x00000000f5580000, 0x00000000f8c00000, 0x0000000100000000)
  eden space 15872K, 99% used [0x00000000f5580000,0x00000000f64fffe8,0x00000000f6500000)
  from space 7680K, 0% used [0x00000000f6500000,0x00000000f6500000,0x00000000f6c80000)
  to   space 18944K, 0% used [0x00000000f7980000,0x00000000f7980000,0x00000000f8c00000)
 ParOldGen       total 349696K, used 349695K [0x00000000e0000000, 0x00000000f5580000, 0x00000000f5580000)
  object space 349696K, 99% used [0x00000000e0000000,0x00000000f557ffe8,0x00000000f5580000)
 Metaspace       used 52078K, committed 52800K, reserved 1097728K
  class space    used 5234K, committed 5568K, reserved 1048576K
}
Event: 1123.801 GC heap after
{Heap after GC invocations=900 (full 788):
 PSYoungGen      total 34816K, used 15871K [0x00000000f5580000, 0x00000000f8c00000, 0x0000000100000000)
  eden space 15872K, 99% used [0x00000000f5580000,0x00000000f64fffe8,0x00000000f6500000)
  from space 18944K, 0% used [0x00000000f7980000,0x00000000f7980000,0x00000000f8c00000)
  to   space 7680K, 0% used [0x00000000f6500000,0x00000000f6500000,0x00000000f6c80000)
 ParOldGen       total 349696K, used 349695K [0x00000000e0000000, 0x00000000f5580000, 0x00000000f5580000)
  object space 349696K, 99% used [0x00000000e0000000,0x00000000f557ffe8,0x00000000f5580000)
 Metaspace       used 52078K, committed 52800K, reserved 1097728K
  class space    used 5234K, committed 5568K, reserved 1048576K
}

